<?xml version="1.0" encoding="UTF-8"?>
<!-- Generated by org.testng.reporters.JUnitReportReporter -->
<testsuite skipped="0" hostname="DESKTOP-QORI3ML" name="myMavenProject.PageFactoryExample" tests="1" failures="0" timestamp="25 Sep 2018 18:10:10 GMT" time="12.311" errors="0">
  <testcase name="loginActiTimeApp" time="12.311" classname="myMavenProject.PageFactoryExample"/>
</testsuite> <!-- myMavenProject.PageFactoryExample -->
