<?xml version="1.0" encoding="UTF-8"?>
<!-- Generated by org.testng.reporters.JUnitReportReporter -->
<testsuite skipped="0" hostname="DESKTOP-QORI3ML" name="myMavenProject.PageFactoryExample" tests="1" failures="0" timestamp="26 Sep 2018 02:17:29 GMT" time="25.984" errors="0">
  <testcase name="loginActiTimeApp" time="25.984" classname="myMavenProject.PageFactoryExample"/>
</testsuite> <!-- myMavenProject.PageFactoryExample -->
